[0419/053601.299:ERROR:scoped_process_suspend.cc(30)] NtSuspendProcess: An attempt was made to access an exiting process.  (0xc000010a)
[0419/053601.333:ERROR:process_info.cc(116)] ReadProcessMemory bool __cdecl crashpad::`anonymous-namespace'::ReadStruct<struct crashpad::process_types::PEB<struct crashpad::process_types::internal::Traits32>>(void *,unsigned __int64,struct crashpad::process_types::PEB<struct crashpad::process_types::internal::Traits32> *): Only part of a ReadProcessMemory or WriteProcessMemory request was completed. (0x12B)
[0419/053601.334:ERROR:process_info.cc(559)] ReadProcessData failed
[0419/053601.335:ERROR:process_reader_win.cc(233)] ReadMemory at 0x6ad37dc8 of 12 bytes failed: Only part of a ReadProcessMemory or WriteProcessMemory request was completed. (0x12B)
[0419/053601.335:WARNING:process_snapshot_win.cc(68)] ReadMemory ExceptionInformation failed
[0419/053601.335:WARNING:crash_report_exception_handler.cc(60)] ProcessSnapshotWin::Initialize failed
[0419/053604.385:ERROR:scoped_process_suspend.cc(30)] NtSuspendProcess: An attempt was made to access an exiting process.  (0xc000010a)
[0419/053604.385:ERROR:process_info.cc(116)] ReadProcessMemory bool __cdecl crashpad::`anonymous-namespace'::ReadStruct<struct crashpad::process_types::PEB<struct crashpad::process_types::internal::Traits32>>(void *,unsigned __int64,struct crashpad::process_types::PEB<struct crashpad::process_types::internal::Traits32> *): Only part of a ReadProcessMemory or WriteProcessMemory request was completed. (0x12B)
[0419/053604.385:ERROR:process_info.cc(559)] ReadProcessData failed
[0419/053604.385:ERROR:process_reader_win.cc(233)] ReadMemory at 0x6ad37dc8 of 12 bytes failed: Only part of a ReadProcessMemory or WriteProcessMemory request was completed. (0x12B)
[0419/053604.414:WARNING:process_snapshot_win.cc(68)] ReadMemory ExceptionInformation failed
[0419/053604.414:WARNING:crash_report_exception_handler.cc(60)] ProcessSnapshotWin::Initialize failed
[0430/124546.130:ERROR:file_io_win.cc(163)] CreateFile C:\Users\RAVIKI~1\AppData\Local\Temp\scoped_dir2804_17192\Crashpad\settings.dat: The process cannot access the file because it is being used by another process. (0x20)
[0430/124717.608:ERROR:file_io_win.cc(163)] CreateFile C:\Users\RAVIKI~1\AppData\Local\Temp\scoped_dir2588_21962\Crashpad\settings.dat: The process cannot access the file because it is being used by another process. (0x20)
[0430/124800.983:ERROR:file_io_win.cc(163)] CreateFile C:\Users\RAVIKI~1\AppData\Local\Temp\scoped_dir14828_32053\Crashpad\settings.dat: The process cannot access the file because it is being used by another process. (0x20)
[0430/125020.760:ERROR:file_io_win.cc(163)] CreateFile C:\Users\RAVIKI~1\AppData\Local\Temp\scoped_dir15492_32281\Crashpad\settings.dat: The process cannot access the file because it is being used by another process. (0x20)
[0430/125215.935:ERROR:file_io_win.cc(163)] CreateFile C:\Users\RAVIKI~1\AppData\Local\Temp\scoped_dir6896_32302\Crashpad\settings.dat: The process cannot access the file because it is being used by another process. (0x20)
[0430/131229.551:ERROR:file_io_win.cc(163)] CreateFile C:\Users\RAVIKI~1\AppData\Local\Temp\scoped_dir13236_8674\Crashpad\settings.dat: The process cannot access the file because it is being used by another process. (0x20)
[0430/131356.559:ERROR:file_io_win.cc(163)] CreateFile C:\Users\RAVIKI~1\AppData\Local\Temp\scoped_dir8352_10407\Crashpad\settings.dat: The process cannot access the file because it is being used by another process. (0x20)
[0430/132652.218:ERROR:file_io_win.cc(163)] CreateFile C:\Users\RAVIKI~1\AppData\Local\Temp\scoped_dir164_15133\Crashpad\settings.dat: The process cannot access the file because it is being used by another process. (0x20)
[0430/143416.063:ERROR:file_io_win.cc(163)] CreateFile C:\Users\RAVIKI~1\AppData\Local\Temp\scoped_dir10444_17501\Crashpad\settings.dat: The process cannot access the file because it is being used by another process. (0x20)
[0430/143656.091:ERROR:file_io_win.cc(163)] CreateFile C:\Users\RAVIKI~1\AppData\Local\Temp\scoped_dir15808_19638\Crashpad\settings.dat: The process cannot access the file because it is being used by another process. (0x20)
[0430/144240.318:ERROR:file_io_win.cc(163)] CreateFile C:\Users\RAVIKI~1\AppData\Local\Temp\scoped_dir9440_9149\Crashpad\settings.dat: The process cannot access the file because it is being used by another process. (0x20)
[0430/144453.400:ERROR:file_io_win.cc(163)] CreateFile C:\Users\RAVIKI~1\AppData\Local\Temp\scoped_dir13480_10928\Crashpad\settings.dat: The process cannot access the file because it is being used by another process. (0x20)
[0430/144931.215:ERROR:file_io_win.cc(163)] CreateFile C:\Users\RAVIKI~1\AppData\Local\Temp\scoped_dir10168_23925\Crashpad\settings.dat: The process cannot access the file because it is being used by another process. (0x20)
[0430/145252.385:ERROR:file_io_win.cc(163)] CreateFile C:\Users\RAVIKI~1\AppData\Local\Temp\scoped_dir15380_2939\Crashpad\settings.dat: The process cannot access the file because it is being used by another process. (0x20)
[0430/145327.252:ERROR:file_io_win.cc(163)] CreateFile C:\Users\RAVIKI~1\AppData\Local\Temp\scoped_dir3672_17834\Crashpad\settings.dat: The process cannot access the file because it is being used by another process. (0x20)
[0430/150244.300:ERROR:file_io_win.cc(163)] CreateFile C:\Users\RAVIKI~1\AppData\Local\Temp\scoped_dir12448_21204\Crashpad\settings.dat: The process cannot access the file because it is being used by another process. (0x20)
[0430/150627.777:ERROR:file_io_win.cc(163)] CreateFile C:\Users\RAVIKI~1\AppData\Local\Temp\scoped_dir15244_21533\Crashpad\settings.dat: The process cannot access the file because it is being used by another process. (0x20)
[0430/151258.367:ERROR:file_io_win.cc(163)] CreateFile C:\Users\RAVIKI~1\AppData\Local\Temp\scoped_dir11696_18874\Crashpad\settings.dat: The process cannot access the file because it is being used by another process. (0x20)
[0430/161832.731:ERROR:file_io_win.cc(163)] CreateFile C:\Users\RAVIKI~1\AppData\Local\Temp\scoped_dir17116_14898\Crashpad\settings.dat: The process cannot access the file because it is being used by another process. (0x20)
[0430/162752.191:ERROR:file_io_win.cc(163)] CreateFile C:\Users\RAVIKI~1\AppData\Local\Temp\scoped_dir15368_18643\Crashpad\settings.dat: The process cannot access the file because it is being used by another process. (0x20)
[0430/163045.101:ERROR:file_io_win.cc(163)] CreateFile C:\Users\RAVIKI~1\AppData\Local\Temp\scoped_dir4196_31791\Crashpad\settings.dat: The process cannot access the file because it is being used by another process. (0x20)
[0430/164621.594:ERROR:file_io_win.cc(163)] CreateFile C:\Users\RAVIKI~1\AppData\Local\Temp\scoped_dir12220_3035\Crashpad\settings.dat: The process cannot access the file because it is being used by another process. (0x20)
[0430/165002.385:ERROR:file_io_win.cc(163)] CreateFile C:\Users\RAVIKI~1\AppData\Local\Temp\scoped_dir3636_2368\Crashpad\settings.dat: The process cannot access the file because it is being used by another process. (0x20)
[0430/165049.462:ERROR:file_io_win.cc(163)] CreateFile C:\Users\RAVIKI~1\AppData\Local\Temp\scoped_dir12244_17800\Crashpad\settings.dat: The process cannot access the file because it is being used by another process. (0x20)
[0430/165832.659:ERROR:file_io_win.cc(163)] CreateFile C:\Users\RAVIKI~1\AppData\Local\Temp\scoped_dir14956_29742\Crashpad\settings.dat: The process cannot access the file because it is being used by another process. (0x20)
